Status: FAILED
Time Taken: 4777
Size: 0
Timestamp: Thu Dec 12 01:25:41 CST 2019
TestStep: Groovy Script
Error:groovy.lang.MissingPropertyException: No such property: run for class: Script1

----------------- Messages ------------------------------
groovy.lang.MissingPropertyException: No such property: run for class: Script1
error at line: 8
